<?xml version="1.0" encoding="UTF-8"?>
<testsuite xmlns:xsi="http://www.w3.org/2001/XMLSchema-instance" xsi:noNamespaceSchemaLocation="https://maven.apache.org/surefire/maven-surefire-plugin/xsd/surefire-test-report.xsd" version="3.0.2" name="com.aegis.backend.integration.OrderFlowIntegrationTest" time="9.495" tests="2" errors="0" skipped="0" failures="0">
  <properties>
[...]
</properties>
  <testcase name="shouldCreateAndPayOrder" classname="com.aegis.backend.integration.OrderFlowIntegrationTest" time="1.027">
    <system-out><![CDATA[17:12:49.489 [main] INFO org.springframework.test.context.support.AnnotationConfigContextLoaderUtils -- Could not detect default configuration classes for test class [com.aegis.backend.integration.OrderFlowIntegrationTest]: OrderFlowIntegrationTest does not declare any static, non-private, non-final, nested classes annotated with @Configuration.
17:12:49.614 [main] INFO org.springframework.boot.test.context.SpringBootTestContextBootstrapper -- Found @SpringBootConfiguration com.aegis.backend.AegisBackendApplication for test class com.aegis.backend.integration.OrderFlowIntegrationTest
17:12:49.733 [main] INFO org.testcontainers.images.PullPolicy -- Image pull policy will be performed by: DefaultPullPolicy()
17:12:49.736 [main] INFO org.testcontainers.utility.ImageNameSubstitutor -- Image name substitution will be performed by: DefaultImageNameSubstitutor (composite of 'ConfigurationFileImageNameSubstitutor' and 'PrefixingImageNameSubstitutor')
17:12:49.775 [main] INFO org.testcontainers.DockerClientFactory -- Testcontainers version: 1.20.4
17:12:49.945 [main] INFO org.testcontainers.dockerclient.DockerClientProviderStrategy -- Loaded org.testcontainers.dockerclient.NpipeSocketClientProviderStrategy from ~/.testcontainers.properties, will try it first
17:12:50.200 [main] INFO org.testcontainers.dockerclient.DockerClientProviderStrategy -- Found Docker environment with local Npipe socket (npipe:////./pipe/docker_engine)
17:12:50.202 [main] INFO org.testcontainers.DockerClientFactory -- Docker host IP address is localhost
17:12:50.218 [main] INFO org.testcontainers.DockerClientFactory -- Connected to docker: 
  Server Version: 28.0.4
  API Version: 1.48
  Operating System: Docker Desktop
  Total Memory: 15959 MB
  Labels: 
    com.docker.desktop.address=npipe://\\.\pipe\docker_cli
17:12:50.306 [main] INFO tc.testcontainers/ryuk:0.11.0 -- Creating container for image: testcontainers/ryuk:0.11.0
17:12:50.625 [main] INFO org.testcontainers.utility.RegistryAuthLocator -- Credential helper/store (docker-credential-desktop) does not have credentials for https://index.docker.io/v1/
17:12:50.744 [main] INFO tc.testcontainers/ryuk:0.11.0 -- Container testcontainers/ryuk:0.11.0 is starting: 919d2a09e968cd2a0f57ffce9d0de265398ac6ede5f960b84260659d75127dec
17:12:51.005 [main] INFO tc.testcontainers/ryuk:0.11.0 -- Container testcontainers/ryuk:0.11.0 started in PT0.6987457S
17:12:51.010 [main] INFO org.testcontainers.utility.RyukResourceReaper -- Ryuk started - will monitor and terminate Testcontainers containers on JVM exit
17:12:51.010 [main] INFO org.testcontainers.DockerClientFactory -- Checking the system...
17:12:51.011 [main] INFO org.testcontainers.DockerClientFactory -- ✔︎ Docker server version should be at least 1.6.0
17:12:51.011 [main] INFO tc.postgres:16-alpine -- Creating container for image: postgres:16-alpine
17:12:51.070 [main] INFO tc.postgres:16-alpine -- Container postgres:16-alpine is starting: cc40e332ae7b8453fbd266b8bccc648f437972d89a8f72a4be9e73b9c00ad3dd
17:12:52.269 [main] INFO tc.postgres:16-alpine -- Container postgres:16-alpine started in PT1.2581958S
17:12:52.271 [main] INFO tc.postgres:16-alpine -- Container is started (JDBC URL: jdbc:postgresql://localhost:52523/test?loggerLevel=OFF)

  .   ____          _            __ _ _
 /\\ / ___'_ __ _ _(_)_ __  __ _ \ \ \ \
( ( )\___ | '_ | '_| | '_ \/ _` | \ \ \ \
 \\/  ___)| |_)| | | | | || (_| |  ) ) ) )
  '  |____| .__|_| |_|_| |_\__, | / / / /
 =========|_|==============|___/=/_/_/_/

 :: Spring Boot ::                (v3.4.1)

{"timestamp":"2026-01-29T17:12:52.622Z","level":"INFO","thread":"background-preinit","logger":"org.hibernate.validator.internal.util.Version","message":"HV000001: Hibernate Validator 8.0.2.Final","context":"default"}
{"timestamp":"2026-01-29T17:12:52.661Z","level":"INFO","thread":"main","logger":"com.aegis.backend.integration.OrderFlowIntegrationTest","message":"Starting OrderFlowIntegrationTest using Java 21.0.9 with PID 21016 (started by matel in C:\\Users\\matel\\Desktop\\aegis-financial-architecture\\aegis-backend)","context":"default"}
{"timestamp":"2026-01-29T17:12:52.662Z","level":"INFO","thread":"main","logger":"com.aegis.backend.integration.OrderFlowIntegrationTest","message":"The following 1 profile is active: \"dev\"","context":"default"}
{"timestamp":"2026-01-29T17:12:53.347Z","level":"INFO","thread":"main","logger":"org.springframework.data.repository.config.RepositoryConfigurationDelegate","message":"Bootstrapping Spring Data JPA repositories in DEFAULT mode.","context":"default"}
{"timestamp":"2026-01-29T17:12:53.409Z","level":"INFO","thread":"main","logger":"org.springframework.data.repository.config.RepositoryConfigurationDelegate","message":"Finished Spring Data repository scanning in 53 ms. Found 3 JPA repository interfaces.","context":"default"}
{"timestamp":"2026-01-29T17:12:53.949Z","level":"INFO","thread":"main","logger":"org.springframework.boot.web.embedded.tomcat.TomcatWebServer","message":"Tomcat initialized with port 0 (http)","context":"default"}
{"timestamp":"2026-01-29T17:12:53.958Z","level":"INFO","thread":"main","logger":"org.apache.coyote.http11.Http11NioProtocol","message":"Initializing ProtocolHandler [\"http-nio-auto-1\"]","context":"default"}
{"timestamp":"2026-01-29T17:12:53.959Z","level":"INFO","thread":"main","logger":"org.apache.catalina.core.StandardService","message":"Starting service [Tomcat]","context":"default"}
{"timestamp":"2026-01-29T17:12:53.960Z","level":"INFO","thread":"main","logger":"org.apache.catalina.core.StandardEngine","message":"Starting Servlet engine: [Apache Tomcat/10.1.34]","context":"default"}
{"timestamp":"2026-01-29T17:12:54.014Z","level":"INFO","thread":"main","logger":"org.apache.catalina.core.ContainerBase.[Tomcat].[localhost].[/]","message":"Initializing Spring embedded WebApplicationContext","context":"default"}
{"timestamp":"2026-01-29T17:12:54.015Z","level":"INFO","thread":"main","logger":"org.springframework.boot.web.servlet.context.ServletWebServerApplicationContext","message":"Root WebApplicationContext: initialization completed in 1335 ms","context":"default"}
{"timestamp":"2026-01-29T17:12:54.319Z","level":"INFO","thread":"main","logger":"com.zaxxer.hikari.HikariDataSource","message":"HikariPool-1 - Starting...","context":"default"}
{"timestamp":"2026-01-29T17:12:54.446Z","level":"INFO","thread":"main","logger":"com.zaxxer.hikari.pool.HikariPool","message":"HikariPool-1 - Added connection org.postgresql.jdbc.PgConnection@406decb2","context":"default"}
{"timestamp":"2026-01-29T17:12:54.448Z","level":"INFO","thread":"main","logger":"com.zaxxer.hikari.HikariDataSource","message":"HikariPool-1 - Start completed.","context":"default"}
{"timestamp":"2026-01-29T17:12:54.472Z","level":"INFO","thread":"main","logger":"org.flywaydb.core.FlywayExecutor","message":"Database: jdbc:postgresql://localhost:52523/test?loggerLevel=OFF (PostgreSQL 16.11)","context":"default"}
{"timestamp":"2026-01-29T17:12:54.508Z","level":"INFO","thread":"main","logger":"org.flywaydb.core.internal.schemahistory.JdbcTableSchemaHistory","message":"Schema history table \"public\".\"flyway_schema_history\" does not exist yet","context":"default"}
{"timestamp":"2026-01-29T17:12:54.511Z","level":"INFO","thread":"main","logger":"org.flywaydb.core.internal.command.DbValidate","message":"Successfully validated 3 migrations (execution time 00:00.017s)","context":"default"}
{"timestamp":"2026-01-29T17:12:54.522Z","level":"INFO","thread":"main","logger":"org.flywaydb.core.internal.schemahistory.JdbcTableSchemaHistory","message":"Creating Schema History table \"public\".\"flyway_schema_history\" ...","context":"default"}
{"timestamp":"2026-01-29T17:12:54.564Z","level":"INFO","thread":"main","logger":"org.flywaydb.core.internal.command.DbMigrate","message":"Current version of schema \"public\": << Empty Schema >>","context":"default"}
{"timestamp":"2026-01-29T17:12:54.576Z","level":"INFO","thread":"main","logger":"org.flywaydb.core.internal.command.DbMigrate","message":"Migrating schema \"public\" to version \"1 - create orders\"","context":"default"}
{"timestamp":"2026-01-29T17:12:54.602Z","level":"INFO","thread":"main","logger":"org.flywaydb.core.internal.command.DbMigrate","message":"Migrating schema \"public\" to version \"2 - create daily reports\"","context":"default"}
{"timestamp":"2026-01-29T17:12:54.614Z","level":"INFO","thread":"main","logger":"org.flywaydb.core.internal.command.DbMigrate","message":"Migrating schema \"public\" to version \"3 - create audit logs\"","context":"default"}
{"timestamp":"2026-01-29T17:12:54.628Z","level":"INFO","thread":"main","logger":"org.flywaydb.core.internal.command.DbMigrate","message":"Successfully applied 3 migrations to schema \"public\", now at version v3 (execution time 00:00.020s)","context":"default"}
{"timestamp":"2026-01-29T17:12:54.724Z","level":"INFO","thread":"main","logger":"org.hibernate.jpa.internal.util.LogHelper","message":"HHH000204: Processing PersistenceUnitInfo [name: default]","context":"default"}
{"timestamp":"2026-01-29T17:12:54.788Z","level":"INFO","thread":"main","logger":"org.hibernate.Version","message":"HHH000412: Hibernate ORM core version 6.6.4.Final","context":"default"}
{"timestamp":"2026-01-29T17:12:54.819Z","level":"INFO","thread":"main","logger":"org.hibernate.cache.internal.RegionFactoryInitiator","message":"HHH000026: Second-level cache disabled","context":"default"}
{"timestamp":"2026-01-29T17:12:55.034Z","level":"INFO","thread":"main","logger":"org.springframework.orm.jpa.persistenceunit.SpringPersistenceUnitInfo","message":"No LoadTimeWeaver setup: ignoring JPA class transformer","context":"default"}
{"timestamp":"2026-01-29T17:12:55.077Z","level":"WARN","thread":"main","logger":"org.hibernate.orm.deprecation","message":"HHH90000025: PostgreSQLDialect does not need to be specified explicitly using 'hibernate.dialect' (remove the property setting and it will be selected by default)","context":"default"}
{"timestamp":"2026-01-29T17:12:55.088Z","level":"INFO","thread":"main","logger":"org.hibernate.orm.connections.pooling","message":"HHH10001005: Database info:\n\tDatabase JDBC URL [Connecting through datasource 'HikariDataSource (HikariPool-1)']\n\tDatabase driver: undefined/unknown\n\tDatabase version: 16.11\n\tAutocommit mode: undefined/unknown\n\tIsolation level: undefined/unknown\n\tMinimum pool size: undefined/unknown\n\tMaximum pool size: undefined/unknown","context":"default"}
{"timestamp":"2026-01-29T17:12:55.759Z","level":"INFO","thread":"main","logger":"org.hibernate.engine.transaction.jta.platform.internal.JtaPlatformInitiator","message":"HHH000489: No JTA platform available (set 'hibernate.transaction.jta.platform' to enable JTA platform integration)","context":"default"}
{"timestamp":"2026-01-29T17:12:55.787Z","level":"INFO","thread":"main","logger":"org.springframework.orm.jpa.LocalContainerEntityManagerFactoryBean","message":"Initialized JPA EntityManagerFactory for persistence unit 'default'","context":"default"}
{"timestamp":"2026-01-29T17:12:56.030Z","level":"INFO","thread":"main","logger":"org.springframework.data.jpa.repository.query.QueryEnhancerFactory","message":"Hibernate is in classpath; If applicable, HQL parser will be used.","context":"default"}
{"timestamp":"2026-01-29T17:12:56.555Z","level":"WARN","thread":"main","logger":"org.springframework.boot.autoconfigure.orm.jpa.JpaBaseConfiguration$JpaWebConfiguration","message":"spring.jpa.open-in-view is enabled by default. Therefore, database queries may be performed during view rendering. Explicitly configure spring.jpa.open-in-view to disable this warning","context":"default"}
{"timestamp":"2026-01-29T17:12:57.017Z","level":"INFO","thread":"main","logger":"org.springframework.boot.actuate.endpoint.web.EndpointLinksResolver","message":"Exposing 3 endpoints beneath base path '/actuator'","context":"default"}
{"timestamp":"2026-01-29T17:12:57.168Z","level":"INFO","thread":"main","logger":"org.apache.coyote.http11.Http11NioProtocol","message":"Starting ProtocolHandler [\"http-nio-auto-1\"]","context":"default"}
{"timestamp":"2026-01-29T17:12:57.176Z","level":"INFO","thread":"main","logger":"org.springframework.boot.web.embedded.tomcat.TomcatWebServer","message":"Tomcat started on port 52535 (http) with context path '/'","context":"default"}
{"timestamp":"2026-01-29T17:12:57.185Z","level":"INFO","thread":"main","logger":"com.aegis.backend.integration.OrderFlowIntegrationTest","message":"Started OrderFlowIntegrationTest in 4.89 seconds (process running for 8.253)","context":"default"}
{"timestamp":"2026-01-29T17:12:57.968Z","level":"INFO","thread":"http-nio-auto-1-exec-1","logger":"org.apache.catalina.core.ContainerBase.[Tomcat].[localhost].[/]","message":"Initializing Spring DispatcherServlet 'dispatcherServlet'","context":"default"}
{"timestamp":"2026-01-29T17:12:57.969Z","level":"INFO","thread":"http-nio-auto-1-exec-1","logger":"org.springframework.web.servlet.DispatcherServlet","message":"Initializing Servlet 'dispatcherServlet'","context":"default"}
{"timestamp":"2026-01-29T17:12:57.970Z","level":"INFO","thread":"http-nio-auto-1-exec-1","logger":"org.springframework.web.servlet.DispatcherServlet","message":"Completed initialization in 0 ms","context":"default"}
]]></system-out>
    <system-err><![CDATA[Mockito is currently self-attaching to enable the inline-mock-maker. This will no longer work in future releases of the JDK. Please add Mockito as an agent to your build what is described in Mockito's documentation: https://javadoc.io/doc/org.mockito/mockito-core/latest/org/mockito/Mockito.html#0.3
WARNING: A Java agent has been loaded dynamically (C:\Users\matel\.m2\repository\net\bytebuddy\byte-buddy-agent\1.15.11\byte-buddy-agent-1.15.11.jar)
WARNING: If a serviceability tool is in use, please run with -XX:+EnableDynamicAgentLoading to hide this warning
WARNING: If a serviceability tool is not in use, please run with -Djdk.instrument.traceUsage for more information
WARNING: Dynamic loading of agents will be disallowed by default in a future release
]]></system-err>
  </testcase>
  <testcase name="shouldFailToCreateOrderWithInvalidData" classname="com.aegis.backend.integration.OrderFlowIntegrationTest" time="0.028"/>
</testsuite>