<?xml version="1.0" encoding="UTF-8"?>
<testsuite xmlns:xsi="http://www.w3.org/2001/XMLSchema-instance" xsi:noNamespaceSchemaLocation="https://maven.apache.org/surefire/maven-surefire-plugin/xsd/surefire-test-report.xsd" version="3.0.2" name="com.aegis.backend.integration.OrderFlowIntegrationTest" time="12.749" tests="2" errors="0" skipped="0" failures="0">
  <properties>
[...]
</properties>
  <testcase name="shouldCreateAndPayOrder" classname="com.aegis.backend.integration.OrderFlowIntegrationTest" time="0.772">
    <system-out><![CDATA[15:34:49.596 [main] INFO org.springframework.test.context.support.AnnotationConfigContextLoaderUtils -- Could not detect default configuration classes for test class [com.aegis.backend.integration.OrderFlowIntegrationTest]: OrderFlowIntegrationTest does not declare any static, non-private, non-final, nested classes annotated with @Configuration.
15:34:49.722 [main] INFO org.springframework.boot.test.context.SpringBootTestContextBootstrapper -- Found @SpringBootConfiguration com.aegis.backend.AegisBackendApplication for test class com.aegis.backend.integration.OrderFlowIntegrationTest
15:34:49.844 [main] INFO org.testcontainers.images.PullPolicy -- Image pull policy will be performed by: DefaultPullPolicy()
15:34:49.847 [main] INFO org.testcontainers.utility.ImageNameSubstitutor -- Image name substitution will be performed by: DefaultImageNameSubstitutor (composite of 'ConfigurationFileImageNameSubstitutor' and 'PrefixingImageNameSubstitutor')
15:34:49.886 [main] INFO org.testcontainers.DockerClientFactory -- Testcontainers version: 1.20.4
15:34:50.277 [main] INFO org.testcontainers.dockerclient.DockerClientProviderStrategy -- Found Docker environment with local Npipe socket (npipe:////./pipe/docker_engine)
15:34:50.287 [main] INFO org.testcontainers.DockerClientFactory -- Docker host IP address is localhost
15:34:50.308 [main] INFO org.testcontainers.DockerClientFactory -- Connected to docker: 
  Server Version: 28.0.4
  API Version: 1.48
  Operating System: Docker Desktop
  Total Memory: 15959 MB
  Labels: 
    com.docker.desktop.address=npipe://\\.\pipe\docker_cli
15:34:50.421 [main] INFO tc.testcontainers/ryuk:0.11.0 -- Pulling docker image: testcontainers/ryuk:0.11.0. Please be patient; this may take some time but only needs to be done once.
15:34:50.499 [main] INFO org.testcontainers.utility.RegistryAuthLocator -- Credential helper/store (docker-credential-desktop) does not have credentials for https://index.docker.io/v1/
15:34:52.030 [docker-java-stream--1327023394] INFO tc.testcontainers/ryuk:0.11.0 -- Starting to pull image
15:34:52.045 [docker-java-stream--1327023394] INFO tc.testcontainers/ryuk:0.11.0 -- Pulling image layers:  0 pending,  0 downloaded,  0 extracted, (0 bytes/0 bytes)
15:34:52.818 [docker-java-stream--1327023394] INFO tc.testcontainers/ryuk:0.11.0 -- Pulling image layers:  2 pending,  1 downloaded,  0 extracted, (0 bytes/? MB)
15:34:52.920 [docker-java-stream--1327023394] INFO tc.testcontainers/ryuk:0.11.0 -- Pulling image layers:  2 pending,  1 downloaded,  1 extracted, (2 MB/? MB)
15:34:53.018 [docker-java-stream--1327023394] INFO tc.testcontainers/ryuk:0.11.0 -- Pulling image layers:  1 pending,  2 downloaded,  1 extracted, (2 MB/? MB)
15:34:53.118 [docker-java-stream--1327023394] INFO tc.testcontainers/ryuk:0.11.0 -- Pulling image layers:  0 pending,  3 downloaded,  1 extracted, (2 MB/6 MB)
15:34:53.168 [docker-java-stream--1327023394] INFO tc.testcontainers/ryuk:0.11.0 -- Pulling image layers:  0 pending,  3 downloaded,  2 extracted, (2 MB/6 MB)
15:34:53.170 [docker-java-stream--1327023394] INFO tc.testcontainers/ryuk:0.11.0 -- Pulling image layers:  0 pending,  3 downloaded,  3 extracted, (2 MB/6 MB)
15:34:53.174 [docker-java-stream--1327023394] INFO tc.testcontainers/ryuk:0.11.0 -- Pull complete. 3 layers, pulled in 1s (downloaded 2 MB at 2 MB/s)
15:34:53.174 [main] INFO tc.testcontainers/ryuk:0.11.0 -- Image testcontainers/ryuk:0.11.0 pull took PT2.7532821S
15:34:53.249 [main] INFO tc.testcontainers/ryuk:0.11.0 -- Creating container for image: testcontainers/ryuk:0.11.0
15:34:53.380 [main] INFO tc.testcontainers/ryuk:0.11.0 -- Container testcontainers/ryuk:0.11.0 is starting: 331cdf4150a2e01b2f2d70c782a7e5acd090a11133f99036fb961bedba8da546
15:34:53.691 [main] INFO tc.testcontainers/ryuk:0.11.0 -- Container testcontainers/ryuk:0.11.0 started in PT0.4421312S
15:34:53.696 [main] INFO org.testcontainers.utility.RyukResourceReaper -- Ryuk started - will monitor and terminate Testcontainers containers on JVM exit
15:34:53.696 [main] INFO org.testcontainers.DockerClientFactory -- Checking the system...
15:34:53.696 [main] INFO org.testcontainers.DockerClientFactory -- ✔︎ Docker server version should be at least 1.6.0
15:34:53.697 [main] INFO tc.postgres:16-alpine -- Creating container for image: postgres:16-alpine
15:34:53.764 [main] INFO tc.postgres:16-alpine -- Container postgres:16-alpine is starting: fa077357413e7d7d8f134514f786fa0923ddb7b1bb891668efc3f811a6cc63b0
15:34:55.098 [main] INFO tc.postgres:16-alpine -- Container postgres:16-alpine started in PT1.4017011S
15:34:55.099 [main] INFO tc.postgres:16-alpine -- Container is started (JDBC URL: jdbc:postgresql://localhost:63284/test?loggerLevel=OFF)

  .   ____          _            __ _ _
 /\\ / ___'_ __ _ _(_)_ __  __ _ \ \ \ \
( ( )\___ | '_ | '_| | '_ \/ _` | \ \ \ \
 \\/  ___)| |_)| | | | | || (_| |  ) ) ) )
  '  |____| .__|_| |_|_| |_\__, | / / / /
 =========|_|==============|___/=/_/_/_/

 :: Spring Boot ::                (v3.4.1)

{"timestamp":"2026-01-28T15:34:55.515Z","level":"INFO","thread":"background-preinit","logger":"org.hibernate.validator.internal.util.Version","message":"HV000001: Hibernate Validator 8.0.2.Final","context":"default"}
{"timestamp":"2026-01-28T15:34:55.556Z","level":"INFO","thread":"main","logger":"com.aegis.backend.integration.OrderFlowIntegrationTest","message":"Starting OrderFlowIntegrationTest using Java 21.0.9 with PID 12024 (started by matel in C:\\Users\\matel\\Desktop\\aegis-financial-architecture\\aegis-backend)","context":"default"}
{"timestamp":"2026-01-28T15:34:55.557Z","level":"INFO","thread":"main","logger":"com.aegis.backend.integration.OrderFlowIntegrationTest","message":"The following 1 profile is active: \"dev\"","context":"default"}
{"timestamp":"2026-01-28T15:34:56.350Z","level":"INFO","thread":"main","logger":"org.springframework.data.repository.config.RepositoryConfigurationDelegate","message":"Bootstrapping Spring Data JPA repositories in DEFAULT mode.","context":"default"}
{"timestamp":"2026-01-28T15:34:56.419Z","level":"INFO","thread":"main","logger":"org.springframework.data.repository.config.RepositoryConfigurationDelegate","message":"Finished Spring Data repository scanning in 60 ms. Found 3 JPA repository interfaces.","context":"default"}
{"timestamp":"2026-01-28T15:34:57.073Z","level":"INFO","thread":"main","logger":"org.springframework.boot.web.embedded.tomcat.TomcatWebServer","message":"Tomcat initialized with port 0 (http)","context":"default"}
{"timestamp":"2026-01-28T15:34:57.085Z","level":"INFO","thread":"main","logger":"org.apache.coyote.http11.Http11NioProtocol","message":"Initializing ProtocolHandler [\"http-nio-auto-1\"]","context":"default"}
{"timestamp":"2026-01-28T15:34:57.087Z","level":"INFO","thread":"main","logger":"org.apache.catalina.core.StandardService","message":"Starting service [Tomcat]","context":"default"}
{"timestamp":"2026-01-28T15:34:57.087Z","level":"INFO","thread":"main","logger":"org.apache.catalina.core.StandardEngine","message":"Starting Servlet engine: [Apache Tomcat/10.1.34]","context":"default"}
{"timestamp":"2026-01-28T15:34:57.150Z","level":"INFO","thread":"main","logger":"org.apache.catalina.core.ContainerBase.[Tomcat].[localhost].[/]","message":"Initializing Spring embedded WebApplicationContext","context":"default"}
{"timestamp":"2026-01-28T15:34:57.151Z","level":"INFO","thread":"main","logger":"org.springframework.boot.web.servlet.context.ServletWebServerApplicationContext","message":"Root WebApplicationContext: initialization completed in 1581 ms","context":"default"}
{"timestamp":"2026-01-28T15:34:57.519Z","level":"INFO","thread":"main","logger":"com.zaxxer.hikari.HikariDataSource","message":"HikariPool-1 - Starting...","context":"default"}
{"timestamp":"2026-01-28T15:34:57.650Z","level":"INFO","thread":"main","logger":"com.zaxxer.hikari.pool.HikariPool","message":"HikariPool-1 - Added connection org.postgresql.jdbc.PgConnection@2526d5f9","context":"default"}
{"timestamp":"2026-01-28T15:34:57.652Z","level":"INFO","thread":"main","logger":"com.zaxxer.hikari.HikariDataSource","message":"HikariPool-1 - Start completed.","context":"default"}
{"timestamp":"2026-01-28T15:34:57.674Z","level":"INFO","thread":"main","logger":"org.flywaydb.core.FlywayExecutor","message":"Database: jdbc:postgresql://localhost:63284/test?loggerLevel=OFF (PostgreSQL 16.11)","context":"default"}
{"timestamp":"2026-01-28T15:34:57.704Z","level":"INFO","thread":"main","logger":"org.flywaydb.core.internal.schemahistory.JdbcTableSchemaHistory","message":"Schema history table \"public\".\"flyway_schema_history\" does not exist yet","context":"default"}
{"timestamp":"2026-01-28T15:34:57.707Z","level":"INFO","thread":"main","logger":"org.flywaydb.core.internal.command.DbValidate","message":"Successfully validated 3 migrations (execution time 00:00.014s)","context":"default"}
{"timestamp":"2026-01-28T15:34:57.718Z","level":"INFO","thread":"main","logger":"org.flywaydb.core.internal.schemahistory.JdbcTableSchemaHistory","message":"Creating Schema History table \"public\".\"flyway_schema_history\" ...","context":"default"}
{"timestamp":"2026-01-28T15:34:57.760Z","level":"INFO","thread":"main","logger":"org.flywaydb.core.internal.command.DbMigrate","message":"Current version of schema \"public\": << Empty Schema >>","context":"default"}
{"timestamp":"2026-01-28T15:34:57.769Z","level":"INFO","thread":"main","logger":"org.flywaydb.core.internal.command.DbMigrate","message":"Migrating schema \"public\" to version \"1 - create orders\"","context":"default"}
{"timestamp":"2026-01-28T15:34:57.799Z","level":"INFO","thread":"main","logger":"org.flywaydb.core.internal.command.DbMigrate","message":"Migrating schema \"public\" to version \"2 - create daily reports\"","context":"default"}
{"timestamp":"2026-01-28T15:34:57.814Z","level":"INFO","thread":"main","logger":"org.flywaydb.core.internal.command.DbMigrate","message":"Migrating schema \"public\" to version \"3 - create audit logs\"","context":"default"}
{"timestamp":"2026-01-28T15:34:57.830Z","level":"INFO","thread":"main","logger":"org.flywaydb.core.internal.command.DbMigrate","message":"Successfully applied 3 migrations to schema \"public\", now at version v3 (execution time 00:00.023s)","context":"default"}
{"timestamp":"2026-01-28T15:34:57.942Z","level":"INFO","thread":"main","logger":"org.hibernate.jpa.internal.util.LogHelper","message":"HHH000204: Processing PersistenceUnitInfo [name: default]","context":"default"}
{"timestamp":"2026-01-28T15:34:58.002Z","level":"INFO","thread":"main","logger":"org.hibernate.Version","message":"HHH000412: Hibernate ORM core version 6.6.4.Final","context":"default"}
{"timestamp":"2026-01-28T15:34:58.039Z","level":"INFO","thread":"main","logger":"org.hibernate.cache.internal.RegionFactoryInitiator","message":"HHH000026: Second-level cache disabled","context":"default"}
{"timestamp":"2026-01-28T15:34:58.279Z","level":"INFO","thread":"main","logger":"org.springframework.orm.jpa.persistenceunit.SpringPersistenceUnitInfo","message":"No LoadTimeWeaver setup: ignoring JPA class transformer","context":"default"}
{"timestamp":"2026-01-28T15:34:58.333Z","level":"WARN","thread":"main","logger":"org.hibernate.orm.deprecation","message":"HHH90000025: PostgreSQLDialect does not need to be specified explicitly using 'hibernate.dialect' (remove the property setting and it will be selected by default)","context":"default"}
{"timestamp":"2026-01-28T15:34:58.348Z","level":"INFO","thread":"main","logger":"org.hibernate.orm.connections.pooling","message":"HHH10001005: Database info:\n\tDatabase JDBC URL [Connecting through datasource 'HikariDataSource (HikariPool-1)']\n\tDatabase driver: undefined/unknown\n\tDatabase version: 16.11\n\tAutocommit mode: undefined/unknown\n\tIsolation level: undefined/unknown\n\tMinimum pool size: undefined/unknown\n\tMaximum pool size: undefined/unknown","context":"default"}
{"timestamp":"2026-01-28T15:34:59.089Z","level":"INFO","thread":"main","logger":"org.hibernate.engine.transaction.jta.platform.internal.JtaPlatformInitiator","message":"HHH000489: No JTA platform available (set 'hibernate.transaction.jta.platform' to enable JTA platform integration)","context":"default"}
{"timestamp":"2026-01-28T15:34:59.121Z","level":"INFO","thread":"main","logger":"org.springframework.orm.jpa.LocalContainerEntityManagerFactoryBean","message":"Initialized JPA EntityManagerFactory for persistence unit 'default'","context":"default"}
{"timestamp":"2026-01-28T15:34:59.447Z","level":"INFO","thread":"main","logger":"org.springframework.data.jpa.repository.query.QueryEnhancerFactory","message":"Hibernate is in classpath; If applicable, HQL parser will be used.","context":"default"}
{"timestamp":"2026-01-28T15:35:00.092Z","level":"WARN","thread":"main","logger":"org.springframework.boot.autoconfigure.orm.jpa.JpaBaseConfiguration$JpaWebConfiguration","message":"spring.jpa.open-in-view is enabled by default. Therefore, database queries may be performed during view rendering. Explicitly configure spring.jpa.open-in-view to disable this warning","context":"default"}
{"timestamp":"2026-01-28T15:35:00.619Z","level":"INFO","thread":"main","logger":"org.springframework.boot.actuate.endpoint.web.EndpointLinksResolver","message":"Exposing 3 endpoints beneath base path '/actuator'","context":"default"}
{"timestamp":"2026-01-28T15:35:00.770Z","level":"INFO","thread":"main","logger":"org.apache.coyote.http11.Http11NioProtocol","message":"Starting ProtocolHandler [\"http-nio-auto-1\"]","context":"default"}
{"timestamp":"2026-01-28T15:35:00.779Z","level":"INFO","thread":"main","logger":"org.springframework.boot.web.embedded.tomcat.TomcatWebServer","message":"Tomcat started on port 63298 (http) with context path '/'","context":"default"}
{"timestamp":"2026-01-28T15:35:00.793Z","level":"INFO","thread":"main","logger":"com.aegis.backend.integration.OrderFlowIntegrationTest","message":"Started OrderFlowIntegrationTest in 5.665 seconds (process running for 11.799)","context":"default"}
{"timestamp":"2026-01-28T15:35:01.351Z","level":"INFO","thread":"http-nio-auto-1-exec-1","logger":"org.apache.catalina.core.ContainerBase.[Tomcat].[localhost].[/]","message":"Initializing Spring DispatcherServlet 'dispatcherServlet'","context":"default"}
{"timestamp":"2026-01-28T15:35:01.352Z","level":"INFO","thread":"http-nio-auto-1-exec-1","logger":"org.springframework.web.servlet.DispatcherServlet","message":"Initializing Servlet 'dispatcherServlet'","context":"default"}
{"timestamp":"2026-01-28T15:35:01.353Z","level":"INFO","thread":"http-nio-auto-1-exec-1","logger":"org.springframework.web.servlet.DispatcherServlet","message":"Completed initialization in 1 ms","context":"default"}
]]></system-out>
    <system-err><![CDATA[Mockito is currently self-attaching to enable the inline-mock-maker. This will no longer work in future releases of the JDK. Please add Mockito as an agent to your build what is described in Mockito's documentation: https://javadoc.io/doc/org.mockito/mockito-core/latest/org/mockito/Mockito.html#0.3
WARNING: A Java agent has been loaded dynamically (C:\Users\matel\.m2\repository\net\bytebuddy\byte-buddy-agent\1.15.11\byte-buddy-agent-1.15.11.jar)
WARNING: If a serviceability tool is in use, please run with -XX:+EnableDynamicAgentLoading to hide this warning
WARNING: If a serviceability tool is not in use, please run with -Djdk.instrument.traceUsage for more information
WARNING: Dynamic loading of agents will be disallowed by default in a future release
]]></system-err>
  </testcase>
  <testcase name="shouldFailToCreateOrderWithInvalidData" classname="com.aegis.backend.integration.OrderFlowIntegrationTest" time="0.032"/>
</testsuite>